<?xml version="1.0" encoding="UTF-8"?>
<!-- Generated by org.testng.reporters.JUnitReportReporter -->
<testsuite hostname="RUPALI" failures="0" tests="3" name="testngconcepts.FirstTestCase" time="0.053" errors="0" timestamp="2023-04-15T20:57:40 IST" skipped="0">
  <testcase classname="testngconcepts.FirstTestCase" name="setup" time="0.035"/>
  <system-out/>
  <testcase classname="testngconcepts.FirstTestCase" name="teardown" time="0.013"/>
  <system-out/>
  <testcase classname="testngconcepts.FirstTestCase" name="login" time="0.005"/>
  <system-out/>
</testsuite> <!-- testngconcepts.FirstTestCase -->
