<?xml version="1.0" encoding="UTF-8"?>
<!-- Generated by org.testng.reporters.JUnitReportReporter -->
<testsuite hostname="RUPALI" failures="0" tests="4" name="testngconcepts.SecondTestCase" time="0.072" errors="0" timestamp="2023-04-16T13:46:53 IST" skipped="0">
  <testcase classname="testngconcepts.SecondTestCase" name="setup" time="0.042"/>
  <system-out/>
  <testcase classname="testngconcepts.SecondTestCase" name="addCustomer" time="0.005"/>
  <system-out/>
  <testcase classname="testngconcepts.SecondTestCase" name="searchCustomer" time="0.004"/>
  <system-out/>
  <testcase classname="testngconcepts.SecondTestCase" name="teardown" time="0.021"/>
  <system-out/>
</testsuite> <!-- testngconcepts.SecondTestCase -->
