<?xml version="1.0" encoding="UTF-8"?>
<!-- Generated by org.testng.reporters.JUnitReportReporter -->
<testsuite hostname="RUPALI" failures="0" tests="3" name="testngconcepts.DependsOnMethodConceptGaneshSir" time="0.048" errors="0" timestamp="2023-04-26T15:37:47 IST" skipped="0">
  <testcase classname="testngconcepts.DependsOnMethodConceptGaneshSir" name="validateCreateContactTest" time="0.004"/>
  <system-out/>
  <testcase classname="testngconcepts.DependsOnMethodConceptGaneshSir" name="validateCreateCompanyTest" time="0.005"/>
  <system-out/>
  <testcase classname="testngconcepts.DependsOnMethodConceptGaneshSir" name="validateLoginTest" time="0.039"/>
  <system-out/>
</testsuite> <!-- testngconcepts.DependsOnMethodConceptGaneshSir -->
