<?xml version="1.0" encoding="UTF-8"?>
<!-- Generated by org.testng.reporters.JUnitReportReporter -->
<testsuite hostname="RUPALI" failures="0" tests="1" name="testngconcepts.ParameterConceptGaneshSir2" time="39.903" errors="0" timestamp="2023-04-28T11:50:37 IST" skipped="0">
  <testcase classname="testngconcepts.ParameterConceptGaneshSir2" name="validateLoginTest" time="39.903"/>
  <system-out/>
</testsuite> <!-- testngconcepts.ParameterConceptGaneshSir2 -->
