<?xml version="1.0" encoding="UTF-8"?>
<!-- Generated by org.testng.reporters.JUnitReportReporter -->
<testsuite hostname="RUPALI" failures="0" tests="8" name="testngconcepts.TestNGPriorityGangeshSirMethod" time="84.119" errors="0" timestamp="2023-04-25T20:10:06 IST" skipped="0">
  <testcase classname="testngconcepts.TestNGPriorityGangeshSirMethod" name="validationGoogleSearchTest" time="9.816"/>
  <system-out/>
  <testcase classname="testngconcepts.TestNGPriorityGangeshSirMethod" name="validationGoogleSearchTest" time="9.617"/>
  <system-out/>
  <testcase classname="testngconcepts.TestNGPriorityGangeshSirMethod" name="validationGoogleSearchTest" time="11.609"/>
  <system-out/>
  <testcase classname="testngconcepts.TestNGPriorityGangeshSirMethod" name="validationGoogleSearchTest" time="9.470"/>
  <system-out/>
  <testcase classname="testngconcepts.TestNGPriorityGangeshSirMethod" name="validationGoogleSearchTest" time="10.763"/>
  <system-out/>
  <testcase classname="testngconcepts.TestNGPriorityGangeshSirMethod" name="validateGmailSearchTest" time="9.854"/>
  <system-out/>
  <testcase classname="testngconcepts.TestNGPriorityGangeshSirMethod" name="validateGoogleLogoTest" time="9.919"/>
  <system-out/>
  <testcase classname="testngconcepts.TestNGPriorityGangeshSirMethod" name="validateImageLinkTest" time="13.071"/>
  <system-out/>
</testsuite> <!-- testngconcepts.TestNGPriorityGangeshSirMethod -->
