<?xml version="1.0" encoding="UTF-8"?>
<!-- Generated by org.testng.reporters.JUnitReportReporter -->
<testsuite hostname="RUPALI" failures="0" tests="4" name="testngconcepts.PriorityExample" time="0.050" errors="0" timestamp="2023-04-16T19:10:00 IST" skipped="1">
  <testcase classname="testngconcepts.PriorityExample" name="TestThree" time="0.012"/>
  <system-out/>
  <testcase classname="testngconcepts.PriorityExample" name="TestOne" time="0.033"/>
  <system-out/>
  <testcase classname="testngconcepts.PriorityExample" name="TestTwo" time="0.005"/>
  <system-out/>
  <testcase classname="testngconcepts.PriorityExample" name="TestFour">
    <skipped/>
  </testcase> <!-- TestFour -->
  <system-out/>
</testsuite> <!-- testngconcepts.PriorityExample -->
