<?xml version="1.0" encoding="UTF-8"?>
<!-- Generated by org.testng.reporters.JUnitReportReporter -->
<testsuite hostname="RUPALI" failures="0" tests="5" name="testngconcepts.GroupingExample" time="0.048" errors="0" timestamp="2023-04-16T23:00:04 IST" skipped="0">
  <testcase classname="testngconcepts.GroupingExample" name="test3" time="0.006"/>
  <system-out/>
  <testcase classname="testngconcepts.GroupingExample" name="test2" time="0.005"/>
  <system-out/>
  <testcase classname="testngconcepts.GroupingExample" name="test5" time="0.005"/>
  <system-out/>
  <testcase classname="testngconcepts.GroupingExample" name="test1" time="0.027"/>
  <system-out/>
  <testcase classname="testngconcepts.GroupingExample" name="test4" time="0.005"/>
  <system-out/>
</testsuite> <!-- testngconcepts.GroupingExample -->
