<?xml version="1.0" encoding="UTF-8"?>
<!-- Generated by org.testng.reporters.JUnitReportReporter -->
<testsuite hostname="RUPALI" failures="0" tests="1" name="testngconcepts.TimeOutConceptGaneshSir" time="0.053" errors="0" timestamp="2023-04-26T15:27:37 IST" skipped="0">
  <testcase classname="testngconcepts.TimeOutConceptGaneshSir" name="timeOutTest" time="0.053"/>
  <system-out/>
</testsuite> <!-- testngconcepts.TimeOutConceptGaneshSir -->
