<?xml version="1.0" encoding="UTF-8"?>
<!-- Generated by org.testng.reporters.JUnitReportReporter -->
<testsuite hostname="RUPALI" failures="0" tests="2" name="testngconcepts.TC2" time="0.049" errors="0" timestamp="2023-04-16T17:26:51 IST" skipped="0">
  <testcase classname="testngconcepts.TC2" name="test3" time="0.033"/>
  <system-out/>
  <testcase classname="testngconcepts.TC2" name="test4" time="0.016"/>
  <system-out/>
</testsuite> <!-- testngconcepts.TC2 -->
