<?xml version="1.0" encoding="UTF-8"?>
<!-- Generated by org.testng.reporters.JUnitReportReporter -->
<testsuite hostname="RUPALI" failures="0" tests="4" name="testngconcepts.TestNGPriorityGangeshSir" time="39.169" errors="0" timestamp="2023-04-25T19:53:07 IST" skipped="0">
  <testcase classname="testngconcepts.TestNGPriorityGangeshSir" name="validationGoogleSearchTest" time="11.692"/>
  <system-out/>
  <testcase classname="testngconcepts.TestNGPriorityGangeshSir" name="validateGoogleLogoTest" time="9.405"/>
  <system-out/>
  <testcase classname="testngconcepts.TestNGPriorityGangeshSir" name="validateGmailSearchTest" time="9.578"/>
  <system-out/>
  <testcase classname="testngconcepts.TestNGPriorityGangeshSir" name="validateImageLinkTest" time="8.494"/>
  <system-out/>
</testsuite> <!-- testngconcepts.TestNGPriorityGangeshSir -->
