<?xml version="1.0" encoding="UTF-8"?>
<!-- Generated by org.testng.reporters.JUnitReportReporter -->
<testsuite hostname="RUPALI" failures="0" tests="1" name="testngconcepts.ParameterConceptGaneshSir" time="22.581" errors="0" timestamp="2023-04-28T12:05:22 IST" skipped="0">
  <testcase classname="testngconcepts.ParameterConceptGaneshSir" name="validateLoginTest" time="22.581"/>
  <system-out/>
</testsuite> <!-- testngconcepts.ParameterConceptGaneshSir -->
