<?xml version="1.0" encoding="UTF-8"?>
<!-- Generated by org.testng.reporters.JUnitReportReporter -->
<testsuite hostname="RUPALI" failures="0" tests="2" name="testngconcepts.TC1" time="0.031" errors="0" timestamp="2023-04-16T14:51:56 IST" skipped="0">
  <testcase classname="testngconcepts.TC1" name="test1" time="0.022"/>
  <system-out/>
  <testcase classname="testngconcepts.TC1" name="test2" time="0.009"/>
  <system-out/>
</testsuite> <!-- testngconcepts.TC1 -->
