<?xml version="1.0" encoding="UTF-8"?>
<!-- Generated by org.testng.reporters.JUnitReportReporter -->
<testsuite hostname="RUPALI" failures="0" tests="2" name="testngconcepts.GroupConceptGaneshSir" time="0.033" errors="0" timestamp="2023-04-27T15:33:09 IST" skipped="0">
  <testcase classname="testngconcepts.GroupConceptGaneshSir" name="validateLoginTest" time="0.005"/>
  <system-out/>
  <testcase classname="testngconcepts.GroupConceptGaneshSir" name="validateCreateCompanyTest" time="0.028"/>
  <system-out/>
</testsuite> <!-- testngconcepts.GroupConceptGaneshSir -->
