<?xml version="1.0" encoding="UTF-8"?>
<!-- Generated by org.testng.reporters.JUnitReportReporter -->
<testsuite hostname="RUPALI" failures="0" tests="2" name="testngconcepts.ParellelTest1" time="57.472" errors="0" timestamp="2023-05-04T22:32:03 IST" skipped="0">
  <testcase classname="testngconcepts.ParellelTest1" name="logoTest" time="28.737"/>
  <system-out/>
  <testcase classname="testngconcepts.ParellelTest1" name="homePageTitle" time="28.735"/>
  <system-out/>
</testsuite> <!-- testngconcepts.ParellelTest1 -->
