<?xml version="1.0" encoding="UTF-8"?>
<!-- Generated by org.testng.reporters.JUnitReportReporter -->
<testsuite hostname="RUPALI" failures="0" tests="2" name="testngconcepts.LoginPageTest" time="0.022" errors="0" timestamp="2023-04-15T20:57:40 IST" skipped="0">
  <testcase classname="testngconcepts.LoginPageTest" name="loginTest" time="0.018"/>
  <system-out/>
  <testcase classname="testngconcepts.LoginPageTest" name="logoTest" time="0.004"/>
  <system-out/>
</testsuite> <!-- testngconcepts.LoginPageTest -->
