<?xml version="1.0" encoding="UTF-8"?>
<!-- Generated by org.testng.reporters.JUnitReportReporter -->
<testsuite hostname="RUPALI" failures="0" tests="1" name="testngconcepts.AnnotationConcept_1" time="0.010" errors="0" timestamp="2023-04-15T20:57:40 IST" skipped="0">
  <testcase classname="testngconcepts.AnnotationConcept_1" name="loginTest" time="0.010"/>
  <system-out/>
</testsuite> <!-- testngconcepts.AnnotationConcept_1 -->
