<?xml version="1.0" encoding="UTF-8"?>
<!-- Generated by org.testng.reporters.JUnitReportReporter -->
<testsuite hostname="RUPALI" failures="0" tests="3" name="testngconcepts.AnnotationsConcepts" time="0.063" errors="0" timestamp="2023-04-15T20:57:40 IST" skipped="0">
  <testcase classname="testngconcepts.AnnotationsConcepts" name="linkTest" time="0.029"/>
  <system-out/>
  <testcase classname="testngconcepts.AnnotationsConcepts" name="logoutTest" time="0.003"/>
  <system-out/>
  <testcase classname="testngconcepts.AnnotationsConcepts" name="loginTest" time="0.031"/>
  <system-out/>
</testsuite> <!-- testngconcepts.AnnotationsConcepts -->
