<?xml version="1.0" encoding="UTF-8"?>
<!-- Generated by org.testng.reporters.JUnitReportReporter -->
<testsuite hostname="RUPALI" failures="0" tests="3" name="testngconcepts.DataProviderExample" time="0.055" errors="0" timestamp="2023-04-21T00:07:18 IST" skipped="0">
  <testcase classname="testngconcepts.DataProviderExample" name="loginTest" time="0.028"/>
  <system-out/>
  <testcase classname="testngconcepts.DataProviderExample" name="loginTest" time="0.018"/>
  <system-out/>
  <testcase classname="testngconcepts.DataProviderExample" name="loginTest" time="0.009"/>
  <system-out/>
</testsuite> <!-- testngconcepts.DataProviderExample -->
